[2024-06-02 18:34:09,868] #INFO     dispatcher.py: 527 - aiogram.dispatcher - Start polling
[2024-06-02 18:34:09,919] #INFO     base.py: 1850 - sqlalchemy.engine.Engine - select pg_catalog.version()
[2024-06-02 18:34:09,920] #INFO     base.py: 1850 - sqlalchemy.engine.Engine - [raw sql] ()
[2024-06-02 18:34:09,923] #INFO     dispatcher.py: 341 - aiogram.dispatcher - Run polling for bot @pesochnica_my_bot id=6925761707 - 'песочница для тестов'
[2024-06-02 18:34:09,925] #INFO     base.py: 1850 - sqlalchemy.engine.Engine - select current_schema()
[2024-06-02 18:34:09,925] #INFO     base.py: 1850 - sqlalchemy.engine.Engine - [raw sql] ()
[2024-06-02 18:34:09,926] #INFO     base.py: 1850 - sqlalchemy.engine.Engine - show standard_conforming_strings
[2024-06-02 18:34:09,926] #INFO     base.py: 1850 - sqlalchemy.engine.Engine - [raw sql] ()
[2024-06-02 18:34:09,928] #INFO     base.py: 2703 - sqlalchemy.engine.Engine - BEGIN (implicit)
[2024-06-02 18:34:09,936] #INFO     base.py: 1850 - sqlalchemy.engine.Engine - SELECT finances.id, finances.place_id, finances.updated_at, finances.last_money, finances.updated_money 
FROM finances
[2024-06-02 18:34:09,936] #INFO     base.py: 1850 - sqlalchemy.engine.Engine - [generated in 0.00022s] ()
[2024-06-02 18:34:09,939] #INFO     base.py: 2709 - sqlalchemy.engine.Engine - COMMIT
[2024-06-02 18:34:09,940] #INFO     base.py: 2703 - sqlalchemy.engine.Engine - BEGIN (implicit)
[2024-06-02 18:34:09,942] #INFO     base.py: 1850 - sqlalchemy.engine.Engine - SELECT reports.place_id, sum(reports.revenue) AS sum_1 
FROM reports 
WHERE reports.report_date BETWEEN $1::DATE AND $2::DATE GROUP BY reports.place_id
[2024-06-02 18:34:09,943] #INFO     base.py: 1850 - sqlalchemy.engine.Engine - [generated in 0.00034s] (datetime.date(2024, 5, 20), datetime.date(2024, 6, 2))
[2024-06-02 18:34:09,998] #INFO     base.py: 2703 - sqlalchemy.engine.Engine - BEGIN (implicit)
[2024-06-02 18:34:09,999] #INFO     base.py: 1850 - sqlalchemy.engine.Engine - SELECT reports.id, reports.report_date, reports.visitors, reports.revenue, reports.place_id, reports.user_id 
FROM reports
[2024-06-02 18:34:09,999] #INFO     base.py: 1850 - sqlalchemy.engine.Engine - [generated in 0.00018s] ()
[2024-06-02 18:34:10,001] #INFO     base.py: 2709 - sqlalchemy.engine.Engine - COMMIT
[2024-06-02 18:34:10,002] #INFO     base.py: 2709 - sqlalchemy.engine.Engine - COMMIT
[2024-06-02 18:34:10,003] #INFO     base.py: 2703 - sqlalchemy.engine.Engine - BEGIN (implicit)
[2024-06-02 18:34:10,003] #INFO     base.py: 1850 - sqlalchemy.engine.Engine - SELECT finances.updated_at 
FROM finances 
 LIMIT $1::INTEGER
[2024-06-02 18:34:10,003] #INFO     base.py: 1850 - sqlalchemy.engine.Engine - [generated in 0.00018s] (1,)
[2024-06-02 18:34:10,006] #INFO     base.py: 2706 - sqlalchemy.engine.Engine - ROLLBACK
[2024-06-02 18:34:19,679] #INFO     dispatcher.py: 172 - aiogram.event - Update id=19473004 is handled. Duration 297 ms by bot id=6925761707
[2024-06-02 18:34:22,510] #INFO     dispatcher.py: 172 - aiogram.event - Update id=19473005 is handled. Duration 94 ms by bot id=6925761707
[2024-06-02 18:34:24,289] #INFO     dispatcher.py: 172 - aiogram.event - Update id=19473006 is not handled. Duration 0 ms by bot id=6925761707
[2024-06-02 18:34:32,946] #INFO     dispatcher.py: 172 - aiogram.event - Update id=19473007 is handled. Duration 202 ms by bot id=6925761707
[2024-06-02 18:34:34,985] #INFO     dispatcher.py: 172 - aiogram.event - Update id=19473008 is handled. Duration 125 ms by bot id=6925761707
[2024-06-02 18:50:54,067] #INFO     dispatcher.py: 172 - aiogram.event - Update id=19473009 is not handled. Duration 0 ms by bot id=6925761707
[2024-06-02 18:50:56,855] #INFO     dispatcher.py: 172 - aiogram.event - Update id=19473010 is not handled. Duration 0 ms by bot id=6925761707
[2024-06-02 18:51:51,282] #INFO     dispatcher.py: 554 - aiogram.dispatcher - Polling stopped
[2024-06-02 18:51:51,548] #INFO     dispatcher.py: 359 - aiogram.dispatcher - Polling stopped for bot @pesochnica_my_bot id=6925761707 - 'песочница для тестов'
